Arguments: 
  /home/ionush/.nvm/versions/node/v8.9.1/bin/node /home/ionush/.nvm/versions/node/v8.9.1/bin/yarn instal

PATH: 
  /home/ionush/.nvm/versions/node/v8.9.1/bin:/home/ionush/bin:/home/ionush/.local/bin:/usr/local/sbin:/usr/local/bin:/usr/sbin:/usr/bin:/sbin:/bin:/usr/games:/usr/local/games:/snap/bin:/home/ionush/Android/Sdk/tools:/home/ionush/Android/Sdk/platform-tools

Yarn version: 
  1.5.1

Node version: 
  8.9.1

Platform: 
  linux x64

npm manifest: 
  {
  	"name": "react-transform-boilerplate-ts",
  	"version": "1.0.0",
  	"description": "A new Webpack boilerplate with hot reloading React components written in Typescript",
  	"scripts": {
  		"clean": "rimraf dist",
  		"start": "node devServer.js"
  	},
  	"repository": {
  		"type": "git",
  		"url": "https://github.com/wmaurer/react-transform-boilerplate-ts.git"
  	},
  	"keywords": [
  		"react",
  		"reactjs",
  		"boilerplate",
  		"hot",
  		"reload",
  		"hmr",
  		"live",
  		"edit",
  		"webpack",
  		"babel",
  		"typescript",
  		"react-transform"
  	],
  	"author": "Wayne Maurer (http://github.com/wmaurer)",
  	"license": "CC0-1.0",
  	"bugs": {
  		"url": "https://github.com/wmaurer/react-transform-boilerplate-ts/issues"
  	},
  	"homepage": "https://github.com/wmaurer/react-transform-boilerplate-ts",
  	"devDependencies": {
  		"babel-core": "^5.4.7",
  		"babel-loader": "^5.1.2",
  		"babel-plugin-react-transform": "^1.1.1",
  		"express": "^4.13.3",
  		"react-transform-catch-errors": "^1.0.0",
  		"react-transform-hmr": "^1.0.0",
  		"redbox-react": "1.2.6",
  		"rimraf": "^2.4.3",
  		"ts-loader": "^0.7.2",
  		"typescript": "^1.6.2",
  		"webpack": "^1.9.6",
  		"webpack-dev-middleware": "^1.2.0",
  		"webpack-hot-middleware": "^2.0.0"
  	},
  	"dependencies": {
  		"react": "^0.14.0",
  		"react-dom": "^0.14.0"
  	}
  }

yarn manifest: 
  No manifest

Lockfile: 
  No lockfile

Trace: 
  Error: Command "instal" not found.
      at new MessageError (/home/ionush/.nvm/versions/node/v8.9.1/lib/node_modules/yarn/lib/cli.js:186:110)
      at /home/ionush/.nvm/versions/node/v8.9.1/lib/node_modules/yarn/lib/cli.js:87307:17
      at Generator.next (<anonymous>)
      at step (/home/ionush/.nvm/versions/node/v8.9.1/lib/node_modules/yarn/lib/cli.js:98:30)
      at /home/ionush/.nvm/versions/node/v8.9.1/lib/node_modules/yarn/lib/cli.js:116:14
      at new Promise (<anonymous>)
      at new F (/home/ionush/.nvm/versions/node/v8.9.1/lib/node_modules/yarn/lib/cli.js:23451:28)
      at /home/ionush/.nvm/versions/node/v8.9.1/lib/node_modules/yarn/lib/cli.js:95:12
      at runCommand (/home/ionush/.nvm/versions/node/v8.9.1/lib/node_modules/yarn/lib/cli.js:87312:22)
      at Object.<anonymous> (/home/ionush/.nvm/versions/node/v8.9.1/lib/node_modules/yarn/lib/cli.js:87412:14)
